{
"contracts/KlayOracle.sol":{"l":{"40":3,"41":3,"49":2,"54":2,"66":2,"76":2,"78":2,"80":2,"82":2,"89":2,"91":2,"93":2,"95":2,"99":2,"109":4,"111":3,"113":3,"115":2,"117":2,"119":2,"120":2,"122":2},"path":"/Users/oluwafemialofe/Development/GO/klayoracle-monorepo/oracle-contract/contracts/KlayOracle.sol","s":{"1":2,"2":2,"3":2,"4":2,"5":2,"6":2,"7":2,"8":2,"9":2,"10":2,"11":4,"12":3,"13":3,"14":2,"15":2,"16":2},"b":{"1":[2,0],"2":[2,0],"3":[2,0],"4":[3,1],"5":[2,1]},"f":{"1":3,"2":2,"3":2,"4":4},"fnMap":{"1":{"name":"constructor","line":39,"loc":{"start":{"line":39,"column":4},"end":{"line":42,"column":4}}},"2":{"name":"newOracleRequest","line":45,"loc":{"start":{"line":45,"column":4},"end":{"line":83,"column":4}}},"3":{"name":"_fulfill","line":85,"loc":{"start":{"line":85,"column":4},"end":{"line":100,"column":4}}},"4":{"name":"newRoundData","line":103,"loc":{"start":{"line":103,"column":4},"end":{"line":123,"column":4}}}},"statementMap":{"1":{"start":{"line":49,"column":8},"end":{"line":49,"column":1368}},"2":{"start":{"line":54,"column":8},"end":{"line":54,"column":1491}},"3":{"start":{"line":66,"column":8},"end":{"line":66,"column":1810}},"4":{"start":{"line":76,"column":8},"end":{"line":76,"column":40}},"5":{"start":{"line":78,"column":8},"end":{"line":78,"column":53}},"6":{"start":{"line":80,"column":8},"end":{"line":80,"column":62}},"7":{"start":{"line":82,"column":8},"end":{"line":82,"column":19}},"8":{"start":{"line":89,"column":8},"end":{"line":89,"column":70}},"9":{"start":{"line":95,"column":8},"end":{"line":95,"column":2504}},"10":{"start":{"line":99,"column":8},"end":{"line":99,"column":22}},"11":{"start":{"line":109,"column":8},"end":{"line":109,"column":65}},"12":{"start":{"line":111,"column":8},"end":{"line":111,"column":52}},"13":{"start":{"line":113,"column":8},"end":{"line":113,"column":61}},"14":{"start":{"line":115,"column":8},"end":{"line":115,"column":68}},"15":{"start":{"line":117,"column":8},"end":{"line":117,"column":25}},"16":{"start":{"line":122,"column":8},"end":{"line":122,"column":19}}},"branchMap":{"1":{"line":49,"type":"if","locations":[{"start":{"line":49,"column":8},"end":{"line":49,"column":8}},{"start":{"line":49,"column":8},"end":{"line":49,"column":8}}]},"2":{"line":80,"type":"if","locations":[{"start":{"line":80,"column":8},"end":{"line":80,"column":8}},{"start":{"line":80,"column":8},"end":{"line":80,"column":8}}]},"3":{"line":89,"type":"if","locations":[{"start":{"line":89,"column":8},"end":{"line":89,"column":8}},{"start":{"line":89,"column":8},"end":{"line":89,"column":8}}]},"4":{"line":109,"type":"if","locations":[{"start":{"line":109,"column":8},"end":{"line":109,"column":8}},{"start":{"line":109,"column":8},"end":{"line":109,"column":8}}]},"5":{"line":113,"type":"if","locations":[{"start":{"line":113,"column":8},"end":{"line":113,"column":8}},{"start":{"line":113,"column":8},"end":{"line":113,"column":8}}]}}},
"contracts/KlayOracleInterface.sol":{"l":{},"path":"/Users/oluwafemialofe/Development/GO/klayoracle-monorepo/oracle-contract/contracts/KlayOracleInterface.sol","s":{},"b":{},"f":{},"fnMap":{},"statementMap":{},"branchMap":{}},
"contracts/OracleConsumerSample.sol":{"l":{"13":3,"14":3,"18":2,"20":2,"25":2,"29":2},"path":"/Users/oluwafemialofe/Development/GO/klayoracle-monorepo/oracle-contract/contracts/OracleConsumerSample.sol","s":{"1":3,"2":2,"3":2,"4":2},"b":{"1":[3,0]},"f":{"1":3,"2":2,"3":2},"fnMap":{"1":{"name":"constructor","line":12,"loc":{"start":{"line":12,"column":4},"end":{"line":15,"column":4}}},"2":{"name":"swapEthtoKlay","line":17,"loc":{"start":{"line":17,"column":4},"end":{"line":26,"column":4}}},"3":{"name":"swap","line":28,"loc":{"start":{"line":28,"column":4},"end":{"line":31,"column":4}}}},"statementMap":{"1":{"start":{"line":13,"column":8},"end":{"line":13,"column":44}},"2":{"start":{"line":18,"column":8},"end":{"line":18,"column":71}},"3":{"start":{"line":20,"column":8},"end":{"line":20,"column":486}},"4":{"start":{"line":25,"column":8},"end":{"line":25,"column":22}}},"branchMap":{"1":{"line":13,"type":"if","locations":[{"start":{"line":13,"column":8},"end":{"line":13,"column":8}},{"start":{"line":13,"column":8},"end":{"line":13,"column":8}}]}}},
"contracts/OracleProviderSample.sol":{"l":{"16":2,"17":2,"23":2,"24":2},"path":"/Users/oluwafemialofe/Development/GO/klayoracle-monorepo/oracle-contract/contracts/OracleProviderSample.sol","s":{"1":2,"2":2,"3":2,"4":2},"b":{"1":[2,0],"2":[2,0]},"f":{"1":3,"2":2,"3":2},"fnMap":{"1":{"name":"constructor","line":11,"loc":{"start":{"line":8,"column":4},"end":{"line":11,"column":44}}},"2":{"name":"_isWhitelisted","line":13,"loc":{"start":{"line":13,"column":4},"end":{"line":18,"column":4}}},"3":{"name":"_beforeFulfill","line":20,"loc":{"start":{"line":20,"column":4},"end":{"line":25,"column":4}}}},"statementMap":{"1":{"start":{"line":16,"column":8},"end":{"line":16,"column":73}},"2":{"start":{"line":17,"column":8},"end":{"line":17,"column":19}},"3":{"start":{"line":23,"column":8},"end":{"line":23,"column":71}},"4":{"start":{"line":24,"column":8},"end":{"line":24,"column":19}}},"branchMap":{"1":{"line":16,"type":"if","locations":[{"start":{"line":16,"column":8},"end":{"line":16,"column":8}},{"start":{"line":16,"column":8},"end":{"line":16,"column":8}}]},"2":{"line":23,"type":"if","locations":[{"start":{"line":23,"column":8},"end":{"line":23,"column":8}},{"start":{"line":23,"column":8},"end":{"line":23,"column":8}}]}}}}
