TN:
SF:/Users/oluwafemialofe/Development/GO/klayoracle-monorepo/oracle-contract/contracts/KlayOracle.sol
FN:39,constructor
FN:45,newOracleRequest
FN:85,_fulfill
FN:103,newRoundData
FNF:4
FNH:4
FNDA:3,constructor
FNDA:2,newOracleRequest
FNDA:2,_fulfill
FNDA:4,newRoundData
DA:40,3
DA:41,3
DA:49,2
DA:54,2
DA:66,2
DA:76,2
DA:78,2
DA:80,2
DA:82,2
DA:89,2
DA:91,2
DA:93,2
DA:95,2
DA:99,2
DA:109,4
DA:111,3
DA:113,3
DA:115,2
DA:117,2
DA:119,2
DA:120,2
DA:122,2
LF:22
LH:22
BRDA:49,1,0,2
BRDA:49,1,1,0
BRDA:80,2,0,2
BRDA:80,2,1,0
BRDA:89,3,0,2
BRDA:89,3,1,0
BRDA:109,4,0,3
BRDA:109,4,1,1
BRDA:113,5,0,2
BRDA:113,5,1,1
BRF:10
BRH:7
end_of_record
TN:
SF:/Users/oluwafemialofe/Development/GO/klayoracle-monorepo/oracle-contract/contracts/KlayOracleInterface.sol
FNF:0
FNH:0
LF:0
LH:0
BRF:0
BRH:0
end_of_record
TN:
SF:/Users/oluwafemialofe/Development/GO/klayoracle-monorepo/oracle-contract/contracts/OracleConsumerSample.sol
FN:12,constructor
FN:17,swapEthtoKlay
FN:28,swap
FNF:3
FNH:3
FNDA:3,constructor
FNDA:2,swapEthtoKlay
FNDA:2,swap
DA:13,3
DA:14,3
DA:18,2
DA:20,2
DA:25,2
DA:29,2
LF:6
LH:6
BRDA:13,1,0,3
BRDA:13,1,1,0
BRF:2
BRH:1
end_of_record
TN:
SF:/Users/oluwafemialofe/Development/GO/klayoracle-monorepo/oracle-contract/contracts/OracleProviderSample.sol
FN:11,constructor
FN:13,_isWhitelisted
FN:20,_beforeFulfill
FNF:3
FNH:3
FNDA:3,constructor
FNDA:2,_isWhitelisted
FNDA:2,_beforeFulfill
DA:16,2
DA:17,2
DA:23,2
DA:24,2
LF:4
LH:4
BRDA:16,1,0,2
BRDA:16,1,1,0
BRDA:23,2,0,2
BRDA:23,2,1,0
BRF:4
BRH:2
end_of_record
